<?xml version="1.0" encoding="UTF-8"?>
<!-- Generated by org.testng.reporters.JUnitXMLReporter -->
<testsuite hostname="RUSHIT" ignored="0" name="Test" tests="2" failures="1" timestamp="19 Jun 2019 16:44:12 GMT" time="0.081" errors="0">
  <testcase name="FirtTestCase" time="0.012" classname="test.eight">
    <failure type="java.lang.AssertionError" message="expected [true] but found [false]">
      <![CDATA[java.lang.AssertionError: expected [true] but found [false]
at test.eight.FirtTestCase(eight.java:30)
... Removed 28 stack frames]]>
    </failure>
  </testcase> <!-- FirtTestCase -->
  <testcase name="SecondTestCase" time="0.0" classname="test.eight"/>
</testsuite> <!-- Test -->
